# JRE version: OpenJDK Runtime Environment (8.0_242-b01) (build 1.8.0_242-release-1644-b01)
# Java VM: OpenJDK 64-Bit Server VM (25.242-b01 mixed mode windows-amd64 compressed oops)
Heap:
 PSYoungGen      total 248320K, used 123847K [0x00000000d5580000, 0x00000000e6f80000, 0x0000000100000000)
  eden space 231936K, 53% used [0x00000000d5580000,0x00000000dce71da0,0x00000000e3800000)
  from space 16384K, 0% used [0x00000000e4f80000,0x00000000e4f80000,0x00000000e5f80000)
  to   space 13312K, 0% used [0x00000000e6280000,0x00000000e6280000,0x00000000e6f80000)
 ParOldGen       total 54272K, used 14646K [0x0000000080000000, 0x0000000083500000, 0x00000000d5580000)
  object space 54272K, 26% used [0x0000000080000000,0x0000000080e4d800,0x0000000083500000)
 Metaspace       used 36901K, capacity 38518K, committed 38744K, reserved 1083392K
  class space    used 5089K, capacity 5410K, committed 5504K, reserved 1048576K
GC Heap History (10 events):
Event: 5.720 GC heap before
{Heap before GC invocations=5 (full 0):
 PSYoungGen      total 136192K, used 12108K [0x00000000d5580000, 0x00000000ddf80000, 0x0000000100000000)
  eden space 131072K, 5% used [0x00000000d5580000,0x00000000d5c55118,0x00000000dd580000)
  from space 5120K, 99% used [0x00000000dda80000,0x00000000ddf7e060,0x00000000ddf80000)
  to   space 5120K, 0% used [0x00000000dd580000,0x00000000dd580000,0x00000000dda80000)
 ParOldGen       total 86016K, used 10975K [0x0000000080000000, 0x0000000085400000, 0x00000000d5580000)
  object space 86016K, 12% used [0x0000000080000000,0x0000000080ab7d80,0x0000000085400000)
 Metaspace       used 20526K, capacity 21204K, committed 21248K, reserved 1067008K
  class space    used 2859K, capacity 3048K, committed 3072K, reserved 1048576K
Event: 5.725 GC heap after
Heap after GC invocations=5 (full 0):
 PSYoungGen      total 136192K, used 5104K [0x00000000d5580000, 0x00000000e6f80000, 0x0000000100000000)
  eden space 131072K, 0% used [0x00000000d5580000,0x00000000d5580000,0x00000000dd580000)
  from space 5120K, 99% used [0x00000000dd580000,0x00000000dda7c050,0x00000000dda80000)
  to   space 13312K, 0% used [0x00000000e6280000,0x00000000e6280000,0x00000000e6f80000)
 ParOldGen       total 86016K, used 11406K [0x0000000080000000, 0x0000000085400000, 0x00000000d5580000)
  object space 86016K, 13% used [0x0000000080000000,0x0000000080b23968,0x0000000085400000)
 Metaspace       used 20526K, capacity 21204K, committed 21248K, reserved 1067008K
  class space    used 2859K, capacity 3048K, committed 3072K, reserved 1048576K
}
Event: 5.725 GC heap before
{Heap before GC invocations=6 (full 1):
 PSYoungGen      total 136192K, used 5104K [0x00000000d5580000, 0x00000000e6f80000, 0x0000000100000000)
  eden space 131072K, 0% used [0x00000000d5580000,0x00000000d5580000,0x00000000dd580000)
  from space 5120K, 99% used [0x00000000dd580000,0x00000000dda7c050,0x00000000dda80000)
  to   space 13312K, 0% used [0x00000000e6280000,0x00000000e6280000,0x00000000e6f80000)
 ParOldGen       total 86016K, used 11406K [0x0000000080000000, 0x0000000085400000, 0x00000000d5580000)
  object space 86016K, 13% used [0x0000000080000000,0x0000000080b23968,0x0000000085400000)
 Metaspace       used 20526K, capacity 21204K, committed 21248K, reserved 1067008K
  class space    used 2859K, capacity 3048K, committed 3072K, reserved 1048576K
Event: 5.775 GC heap after
Heap after GC invocations=6 (full 1):
 PSYoungGen      total 136192K, used 0K [0x00000000d5580000, 0x00000000e6f80000, 0x0000000100000000)
  eden space 131072K, 0% used [0x00000000d5580000,0x00000000d5580000,0x00000000dd580000)
  from space 5120K, 0% used [0x00000000dd580000,0x00000000dd580000,0x00000000dda80000)
  to   space 13312K, 0% used [0x00000000e6280000,0x00000000e6280000,0x00000000e6f80000)
 ParOldGen       total 54272K, used 7136K [0x0000000080000000, 0x0000000083500000, 0x00000000d5580000)
  object space 54272K, 13% used [0x0000000080000000,0x00000000806f8290,0x0000000083500000)
 Metaspace       used 20526K, capacity 21204K, committed 21248K, reserved 1067008K
  class space    used 2859K, capacity 3048K, committed 3072K, reserved 1048576K
}
Event: 7.366 GC heap before
{Heap before GC invocations=7 (full 1):
 PSYoungGen      total 136192K, used 131072K [0x00000000d5580000, 0x00000000e6f80000, 0x0000000100000000)
  eden space 131072K, 100% used [0x00000000d5580000,0x00000000dd580000,0x00000000dd580000)
  from space 5120K, 0% used [0x00000000dd580000,0x00000000dd580000,0x00000000dda80000)
  to   space 13312K, 0% used [0x00000000e6280000,0x00000000e6280000,0x00000000e6f80000)
 ParOldGen       total 54272K, used 7136K [0x0000000080000000, 0x0000000083500000, 0x00000000d5580000)
  object space 54272K, 13% used [0x0000000080000000,0x00000000806f8290,0x0000000083500000)
 Metaspace       used 32784K, capacity 33872K, committed 34048K, reserved 1079296K
  class space    used 4471K, capacity 4754K, committed 4864K, reserved 1048576K
Event: 7.378 GC heap after
Heap after GC invocations=7 (full 1):
 PSYoungGen      total 245248K, used 13283K [0x00000000d5580000, 0x00000000e6f80000, 0x0000000100000000)
  eden space 231936K, 0% used [0x00000000d5580000,0x00000000d5580000,0x00000000e3800000)
  from space 13312K, 99% used [0x00000000e6280000,0x00000000e6f78c88,0x00000000e6f80000)
  to   space 16384K, 0% used [0x00000000e4f80000,0x00000000e4f80000,0x00000000e5f80000)
 ParOldGen       total 54272K, used 8047K [0x0000000080000000, 0x0000000083500000, 0x00000000d5580000)
  object space 54272K, 14% used [0x0000000080000000,0x00000000807dbee8,0x0000000083500000)
 Metaspace       used 32784K, capacity 33872K, committed 34048K, reserved 1079296K
  class space    used 4471K, capacity 4754K, committed 4864K, reserved 1048576K
}
Event: 7.579 GC heap before
{Heap before GC invocations=8 (full 1):
 PSYoungGen      total 245248K, used 46909K [0x00000000d5580000, 0x00000000e6f80000, 0x0000000100000000)
  eden space 231936K, 14% used [0x00000000d5580000,0x00000000d7656a28,0x00000000e3800000)
  from space 13312K, 99% used [0x00000000e6280000,0x00000000e6f78c88,0x00000000e6f80000)
  to   space 16384K, 0% used [0x00000000e4f80000,0x00000000e4f80000,0x00000000e5f80000)
 ParOldGen       total 54272K, used 8047K [0x0000000080000000, 0x0000000083500000, 0x00000000d5580000)
  object space 54272K, 14% used [0x0000000080000000,0x00000000807dbee8,0x0000000083500000)
 Metaspace       used 34261K, capacity 35392K, committed 35416K, reserved 1079296K
  class space    used 4709K, capacity 4973K, committed 4992K, reserved 1048576K
Event: 7.589 GC heap after
Heap after GC invocations=8 (full 1):
 PSYoungGen      total 248320K, used 8123K [0x00000000d5580000, 0x00000000e6f80000, 0x0000000100000000)
  eden space 231936K, 0% used [0x00000000d5580000,0x00000000d5580000,0x00000000e3800000)
  from space 16384K, 49% used [0x00000000e4f80000,0x00000000e576ef50,0x00000000e5f80000)
  to   space 13312K, 0% used [0x00000000e6280000,0x00000000e6280000,0x00000000e6f80000)
 ParOldGen       total 54272K, used 8055K [0x0000000080000000, 0x0000000083500000, 0x00000000d5580000)
  object space 54272K, 14% used [0x0000000080000000,0x00000000807ddee8,0x0000000083500000)
 Metaspace       used 34261K, capacity 35392K, committed 35416K, reserved 1079296K
  class space    used 4709K, capacity 4973K, committed 4992K, reserved 1048576K
}
Event: 7.589 GC heap before
{Heap before GC invocations=9 (full 2):
 PSYoungGen      total 248320K, used 8123K [0x00000000d5580000, 0x00000000e6f80000, 0x0000000100000000)
  eden space 231936K, 0% used [0x00000000d5580000,0x00000000d5580000,0x00000000e3800000)
  from space 16384K, 49% used [0x00000000e4f80000,0x00000000e576ef50,0x00000000e5f80000)
  to   space 13312K, 0% used [0x00000000e6280000,0x00000000e6280000,0x00000000e6f80000)
 ParOldGen       total 54272K, used 8055K [0x0000000080000000, 0x0000000083500000, 0x00000000d5580000)
  object space 54272K, 14% used [0x0000000080000000,0x00000000807ddee8,0x0000000083500000)
 Metaspace       used 34261K, capacity 35392K, committed 35416K, reserved 1079296K
  class space    used 4709K, capacity 4973K, committed 4992K, reserved 1048576K
Event: 7.727 GC heap after
Heap after GC invocations=9 (full 2):
 PSYoungGen      total 248320K, used 0K [0x00000000d5580000, 0x00000000e6f80000, 0x0000000100000000)
  eden space 231936K, 0% used [0x00000000d5580000,0x00000000d5580000,0x00000000e3800000)
  from space 16384K, 0% used [0x00000000e4f80000,0x00000000e4f80000,0x00000000e5f80000)
  to   space 13312K, 0% used [0x00000000e6280000,0x00000000e6280000,0x00000000e6f80000)
 ParOldGen       total 54272K, used 14646K [0x0000000080000000, 0x0000000083500000, 0x00000000d5580000)
  object space 54272K, 26% used [0x0000000080000000,0x0000000080e4d800,0x0000000083500000)
 Metaspace       used 34261K, capacity 35392K, committed 35416K, reserved 1079296K
  class space    used 4709K, capacity 4973K, committed 4992K, reserved 1048576K
}

