# JRE version: OpenJDK Runtime Environment (8.0_242-b01) (build 1.8.0_242-release-1644-b01)
# Java VM: OpenJDK 64-Bit Server VM (25.242-b01 mixed mode windows-amd64 compressed oops)
Heap:
 PSYoungGen      total 134144K, used 88745K [0x00000000d5580000, 0x00000000de800000, 0x0000000100000000)
  eden space 122880K, 72% used [0x00000000d5580000,0x00000000dac2a698,0x00000000dcd80000)
  from space 11264K, 0% used [0x00000000dd200000,0x00000000dd200000,0x00000000ddd00000)
  to   space 8704K, 0% used [0x00000000ddf80000,0x00000000ddf80000,0x00000000de800000)
 ParOldGen       total 70144K, used 17497K [0x0000000080000000, 0x0000000084480000, 0x00000000d5580000)
  object space 70144K, 24% used [0x0000000080000000,0x00000000811164c8,0x0000000084480000)
 Metaspace       used 36447K, capacity 37962K, committed 38104K, reserved 1081344K
  class space    used 5006K, capacity 5320K, committed 5376K, reserved 1048576K
GC Heap History (10 events):
Event: 14.502 GC heap before
{Heap before GC invocations=7 (full 0):
 PSYoungGen      total 75264K, used 11942K [0x00000000d5580000, 0x00000000daa80000, 0x0000000100000000)
  eden space 65024K, 4% used [0x00000000d5580000,0x00000000d5897bb8,0x00000000d9500000)
  from space 10240K, 85% used [0x00000000d9f80000,0x00000000da811f90,0x00000000da980000)
  to   space 10752K, 0% used [0x00000000d9500000,0x00000000d9500000,0x00000000d9f80000)
 ParOldGen       total 86016K, used 6893K [0x0000000080000000, 0x0000000085400000, 0x00000000d5580000)
  object space 86016K, 8% used [0x0000000080000000,0x00000000806bb798,0x0000000085400000)
 Metaspace       used 20526K, capacity 21204K, committed 21248K, reserved 1067008K
  class space    used 2859K, capacity 3048K, committed 3072K, reserved 1048576K
Event: 14.506 GC heap after
Heap after GC invocations=7 (full 0):
 PSYoungGen      total 75776K, used 3828K [0x00000000d5580000, 0x00000000dea80000, 0x0000000100000000)
  eden space 65024K, 0% used [0x00000000d5580000,0x00000000d5580000,0x00000000d9500000)
  from space 10752K, 35% used [0x00000000d9500000,0x00000000d98bd040,0x00000000d9f80000)
  to   space 11264K, 0% used [0x00000000ddf80000,0x00000000ddf80000,0x00000000dea80000)
 ParOldGen       total 86016K, used 9346K [0x0000000080000000, 0x0000000085400000, 0x00000000d5580000)
  object space 86016K, 10% used [0x0000000080000000,0x0000000080920818,0x0000000085400000)
 Metaspace       used 20526K, capacity 21204K, committed 21248K, reserved 1067008K
  class space    used 2859K, capacity 3048K, committed 3072K, reserved 1048576K
}
Event: 14.506 GC heap before
{Heap before GC invocations=8 (full 1):
 PSYoungGen      total 75776K, used 3828K [0x00000000d5580000, 0x00000000dea80000, 0x0000000100000000)
  eden space 65024K, 0% used [0x00000000d5580000,0x00000000d5580000,0x00000000d9500000)
  from space 10752K, 35% used [0x00000000d9500000,0x00000000d98bd040,0x00000000d9f80000)
  to   space 11264K, 0% used [0x00000000ddf80000,0x00000000ddf80000,0x00000000dea80000)
 ParOldGen       total 86016K, used 9346K [0x0000000080000000, 0x0000000085400000, 0x00000000d5580000)
  object space 86016K, 10% used [0x0000000080000000,0x0000000080920818,0x0000000085400000)
 Metaspace       used 20526K, capacity 21204K, committed 21248K, reserved 1067008K
  class space    used 2859K, capacity 3048K, committed 3072K, reserved 1048576K
Event: 14.591 GC heap after
Heap after GC invocations=8 (full 1):
 PSYoungGen      total 75776K, used 0K [0x00000000d5580000, 0x00000000dea80000, 0x0000000100000000)
  eden space 65024K, 0% used [0x00000000d5580000,0x00000000d5580000,0x00000000d9500000)
  from space 10752K, 0% used [0x00000000d9500000,0x00000000d9500000,0x00000000d9f80000)
  to   space 11264K, 0% used [0x00000000ddf80000,0x00000000ddf80000,0x00000000dea80000)
 ParOldGen       total 47104K, used 6942K [0x0000000080000000, 0x0000000082e00000, 0x00000000d5580000)
  object space 47104K, 14% used [0x0000000080000000,0x00000000806c7958,0x0000000082e00000)
 Metaspace       used 20526K, capacity 21204K, committed 21248K, reserved 1067008K
  class space    used 2859K, capacity 3048K, committed 3072K, reserved 1048576K
}
Event: 15.708 GC heap before
{Heap before GC invocations=9 (full 1):
 PSYoungGen      total 75776K, used 65024K [0x00000000d5580000, 0x00000000dea80000, 0x0000000100000000)
  eden space 65024K, 100% used [0x00000000d5580000,0x00000000d9500000,0x00000000d9500000)
  from space 10752K, 0% used [0x00000000d9500000,0x00000000d9500000,0x00000000d9f80000)
  to   space 11264K, 0% used [0x00000000ddf80000,0x00000000ddf80000,0x00000000dea80000)
 ParOldGen       total 47104K, used 6942K [0x0000000080000000, 0x0000000082e00000, 0x00000000d5580000)
  object space 47104K, 14% used [0x0000000080000000,0x00000000806c7958,0x0000000082e00000)
 Metaspace       used 28531K, capacity 29450K, committed 29568K, reserved 1075200K
  class space    used 3945K, capacity 4191K, committed 4224K, reserved 1048576K
Event: 15.715 GC heap after
Heap after GC invocations=9 (full 1):
 PSYoungGen      total 131584K, used 8286K [0x00000000d5580000, 0x00000000de800000, 0x0000000100000000)
  eden space 122880K, 0% used [0x00000000d5580000,0x00000000d5580000,0x00000000dcd80000)
  from space 8704K, 95% used [0x00000000ddf80000,0x00000000de797a60,0x00000000de800000)
  to   space 11264K, 0% used [0x00000000dd200000,0x00000000dd200000,0x00000000ddd00000)
 ParOldGen       total 47104K, used 6950K [0x0000000080000000, 0x0000000082e00000, 0x00000000d5580000)
  object space 47104K, 14% used [0x0000000080000000,0x00000000806c9958,0x0000000082e00000)
 Metaspace       used 28531K, capacity 29450K, committed 29568K, reserved 1075200K
  class space    used 3945K, capacity 4191K, committed 4224K, reserved 1048576K
}
Event: 16.572 GC heap before
{Heap before GC invocations=10 (full 1):
 PSYoungGen      total 131584K, used 102172K [0x00000000d5580000, 0x00000000de800000, 0x0000000100000000)
  eden space 122880K, 76% used [0x00000000d5580000,0x00000000db12f940,0x00000000dcd80000)
  from space 8704K, 95% used [0x00000000ddf80000,0x00000000de797a60,0x00000000de800000)
  to   space 11264K, 0% used [0x00000000dd200000,0x00000000dd200000,0x00000000ddd00000)
 ParOldGen       total 47104K, used 6950K [0x0000000080000000, 0x0000000082e00000, 0x00000000d5580000)
  object space 47104K, 14% used [0x0000000080000000,0x00000000806c9958,0x0000000082e00000)
 Metaspace       used 34248K, capacity 35392K, committed 35416K, reserved 1079296K
  class space    used 4709K, capacity 4973K, committed 4992K, reserved 1048576K
Event: 16.582 GC heap after
Heap after GC invocations=10 (full 1):
 PSYoungGen      total 134144K, used 11122K [0x00000000d5580000, 0x00000000de800000, 0x0000000100000000)
  eden space 122880K, 0% used [0x00000000d5580000,0x00000000d5580000,0x00000000dcd80000)
  from space 11264K, 98% used [0x00000000dd200000,0x00000000ddcdcbe0,0x00000000ddd00000)
  to   space 8704K, 0% used [0x00000000ddf80000,0x00000000ddf80000,0x00000000de800000)
 ParOldGen       total 47104K, used 6958K [0x0000000080000000, 0x0000000082e00000, 0x00000000d5580000)
  object space 47104K, 14% used [0x0000000080000000,0x00000000806cb958,0x0000000082e00000)
 Metaspace       used 34248K, capacity 35392K, committed 35416K, reserved 1079296K
  class space    used 4709K, capacity 4973K, committed 4992K, reserved 1048576K
}
Event: 16.582 GC heap before
{Heap before GC invocations=11 (full 2):
 PSYoungGen      total 134144K, used 11122K [0x00000000d5580000, 0x00000000de800000, 0x0000000100000000)
  eden space 122880K, 0% used [0x00000000d5580000,0x00000000d5580000,0x00000000dcd80000)
  from space 11264K, 98% used [0x00000000dd200000,0x00000000ddcdcbe0,0x00000000ddd00000)
  to   space 8704K, 0% used [0x00000000ddf80000,0x00000000ddf80000,0x00000000de800000)
 ParOldGen       total 47104K, used 6958K [0x0000000080000000, 0x0000000082e00000, 0x00000000d5580000)
  object space 47104K, 14% used [0x0000000080000000,0x00000000806cb958,0x0000000082e00000)
 Metaspace       used 34248K, capacity 35392K, committed 35416K, reserved 1079296K
  class space    used 4709K, capacity 4973K, committed 4992K, reserved 1048576K
Event: 16.654 GC heap after
Heap after GC invocations=11 (full 2):
 PSYoungGen      total 134144K, used 0K [0x00000000d5580000, 0x00000000de800000, 0x0000000100000000)
  eden space 122880K, 0% used [0x00000000d5580000,0x00000000d5580000,0x00000000dcd80000)
  from space 11264K, 0% used [0x00000000dd200000,0x00000000dd200000,0x00000000ddd00000)
  to   space 8704K, 0% used [0x00000000ddf80000,0x00000000ddf80000,0x00000000de800000)
 ParOldGen       total 70144K, used 17497K [0x0000000080000000, 0x0000000084480000, 0x00000000d5580000)
  object space 70144K, 24% used [0x0000000080000000,0x00000000811164c8,0x0000000084480000)
 Metaspace       used 34248K, capacity 35392K, committed 35416K, reserved 1079296K
  class space    used 4709K, capacity 4973K, committed 4992K, reserved 1048576K
}

